<?xml version="1.0" encoding="UTF-8"?>
<!-- Generated by org.testng.reporters.JUnitReportReporter -->
<testsuite hostname="pankaj-desktop" failures="0" tests="1" name="com.example.AppTest" time="0.001" errors="0" timestamp="2022-11-01T19:47:13 IST" skipped="0">
  <testcase classname="com.example.AppTest" name="validateTransactionTest" time="0.001"/>
  <system-out/>
</testsuite> <!-- com.example.AppTest -->
