<?xml version="1.0" encoding="UTF-8"?>
<!-- Generated by org.testng.reporters.JUnitReportReporter -->
<testsuite hostname="pankaj-desktop" failures="0" tests="1" name="com.example.AppTest" time="6.229" errors="0" timestamp="2022-11-02T20:50:16 IST" skipped="0">
  <testcase classname="com.example.AppTest" name="validateTransactionTest" time="6.229"/>
  <system-out/>
</testsuite> <!-- com.example.AppTest -->
